===Easy trajectory module===
===Easy Trajectory===


------------------------------------
     CelestLab - Version 3.0.0
           CNES - DCT/SB
------------------------------------


Start Aerospace blockset - (2.0)
	Load macros
	Load reference frames palette
	Load math oparations palette
	Load unit conversions palette
	Load environment palette
	Load orbit propagators palette
	Load utilities palette
	Load help
	Load demos

clc: This feature has not been implemented in this mode.
Success!
===VTS generator module===
===VTS execution module===
===VTS Execute===
QSslSocket: cannot resolve SSLv2_client_method
QSslSocket: cannot resolve SSLv2_server_method
===Extract Celestia module===
===Extract_Celestia===
