===Easy quat===
Use the default output folder which is "Output/Easy_quat/"
GNU Octave, version 3.8.1
Copyright (C) 2014 John W. Eaton and others.
This is free software; see the source code for copying conditions.
There is ABSOLUTELY NO WARRANTY; not even for MERCHANTABILITY or
FITNESS FOR A PARTICULAR PURPOSE.  For details, type 'warranty'.

Octave was configured for "i686-pc-linux-gnu".

Additional information about Octave is available at http://www.octave.org.

Please contribute if you find this software useful.
For more information, visit http://www.octave.org/get-involved.html

Read http://www.octave.org/bugs.html to learn how to submit bug reports.
For information about changes from previous versions, type 'news'.

processing...
Success!!

Use the default output folder which is "Output/VTS_gen/"
New_VTS_file = "/home/birdy/Software/DOCK_v1-3/Output/VTS_gen/VTS-150824-022823.vts"
===VTS Execute===
QSslSocket: cannot resolve SSLv2_client_method
QSslSocket: cannot resolve SSLv2_server_method
